[2026-05-17 17:27:46] === Servidor arrancado ===
[2026-05-17 17:27:46] === Servidor arrancado ===
[2026-05-17 17:27:46] Base de datos abierta correctamente
[2026-05-17 17:27:46] Escuchando en puerto 8080... (esperando cliente)
[2026-05-17 17:27:49] Cliente conectado desde 127.0.0.1
[2026-05-17 17:27:55] OP recibida: LOG|admin|1234|
[2026-05-17 17:27:59] OP recibida: LPQ|
[2026-05-17 17:28:33] Cliente desconectado
[2026-05-17 17:28:33] === Servidor cerrado ===
[2026-05-17 17:28:33] === Servidor cerrado ===
[2026-05-17 17:31:15] === Servidor arrancado ===
[2026-05-17 17:31:15] === Servidor arrancado ===
[2026-05-17 17:31:15] Base de datos abierta correctamente
[2026-05-17 17:31:15] Escuchando en puerto 8080... (esperando cliente)
[2026-05-17 17:31:17] Cliente conectado desde 127.0.0.1
[2026-05-17 17:31:24] OP recibida: LOG|admin|1234|
[2026-05-17 17:31:28] OP recibida: LPQ|
[2026-05-17 19:19:02] === Servidor arrancado ===
[2026-05-17 19:19:02] === Servidor arrancado ===
[2026-05-17 19:19:02] Base de datos abierta correctamente
[2026-05-17 19:19:02] Escuchando en puerto 8080... (esperando cliente)
[2026-05-17 19:19:14] Cliente conectado desde 127.0.0.1
[2026-05-17 19:19:31] OP recibida: REG|toni|toni|CLIENTE|
[2026-05-17 19:19:31] Nuevo usuario registrado: toni [CLIENTE]
[2026-05-17 19:19:41] OP recibida: LOG|toni|toni|
[2026-05-17 19:19:54] OP recibida: GCL|000111222Z|
[2026-05-17 19:20:12] OP recibida: LRC|000111222Z|
[2026-05-17 19:20:20] OP recibida: LPQ|
[2026-05-17 19:26:35] === Servidor arrancado ===
[2026-05-17 19:26:35] === Servidor arrancado ===
[2026-05-17 19:26:35] Base de datos abierta correctamente
[2026-05-17 19:26:35] Escuchando en puerto 8080... (esperando cliente)
[2026-05-17 19:26:44] Cliente conectado desde 127.0.0.1
[2026-05-17 19:26:53] OP recibida: LOG|toni|toni|
[2026-05-17 19:30:21] OP recibida: LRC|kl|
[2026-05-17 19:30:26] Cliente solicito cierre (BYE)
[2026-05-17 19:30:26] === Servidor cerrado ===
[2026-05-17 19:30:26] === Servidor cerrado ===
[2026-05-17 19:30:54] === Servidor arrancado ===
[2026-05-17 19:30:54] === Servidor arrancado ===
[2026-05-17 19:30:54] Base de datos abierta correctamente
[2026-05-17 19:30:54] Escuchando en puerto 8080... (esperando cliente)
[2026-05-17 19:31:02] Cliente conectado desde 127.0.0.1
[2026-05-17 19:31:14] OP recibida: LOG|admin|admin|
[2026-05-17 19:31:29] OP recibida: LOG|admin|1234|
[2026-05-17 19:31:38] OP recibida: GCL|2|
